... before sampler...
Initializing the  Shuffled Complex Evolution (SCE-UA) algorithm  with  150  repetitions
The objective function will be minimized
Starting burn-in sampling...
... before running model ...
1 of 150, minimal objective function=10.8143, time remaining: 00:11:19
Initialize database...
['csv', 'hdf5', 'ram', 'sql', 'custom', 'noData']
... before running model ...
2 of 150, minimal objective function=10.8143, time remaining: 00:14:49
... before running model ...
3 of 150, minimal objective function=10.8143, time remaining: 00:16:37
... before running model ...
4 of 150, minimal objective function=10.8143, time remaining: 00:17:33
... before running model ...
Warning!! The simulation errors are found as the simulated dormancy date is greater or equivalent to the budburst date
5 of 150, minimal objective function=10.8143, time remaining: 00:18:11
... before running model ...
Warning!! The simulation errors are found as the simulated dormancy date is greater or equivalent to the budburst date
6 of 150, minimal objective function=10.8143, time remaining: 00:18:36
... before running model ...
Warning!! The simulation errors are found as the simulated dormancy date is greater or equivalent to the budburst date
7 of 150, minimal objective function=8.91185, time remaining: 00:18:51
... before running model ...
Warning!! The simulation errors are found as the simulated dormancy date is greater or equivalent to the budburst date
Warning!! The simulation errors are found as the simulated dormancy date is greater or equivalent to the budburst date
Warning!! The simulation errors are found as the simulated dormancy date is greater or equivalent to the budburst date
Warning!! The simulation errors are found as the simulated dormancy date is greater or equivalent to the budburst date
Warning!! The simulation errors are found as the simulated dormancy date is greater or equivalent to the budburst date
Warning!! The simulation errors are found as the simulated dormancy date is greater or equivalent to the budburst date
Warning!! The simulation errors are found as the simulated dormancy date is greater or equivalent to the budburst date
8 of 150, minimal objective function=8.91185, time remaining: 00:19:02
... before running model ...
9 of 150, minimal objective function=8.91185, time remaining: 00:19:09
... before running model ...
10 of 150, minimal objective function=8.91185, time remaining: 00:19:10
... before running model ...
Warning!! The simulation errors are found as the simulated dormancy date is greater or equivalent to the budburst date
Warning!! The simulation errors are found as the simulated dormancy date is greater or equivalent to the budburst date
Warning!! The simulation errors are found as the simulated dormancy date is greater or equivalent to the budburst date
11 of 150, minimal objective function=8.91185, time remaining: 00:19:14
... before running model ...
12 of 150, minimal objective function=8.91185, time remaining: 00:19:14
... before running model ...
13 of 150, minimal objective function=8.91185, time remaining: 00:19:08
... before running model ...
14 of 150, minimal objective function=8.91185, time remaining: 00:19:04
... before running model ...
15 of 150, minimal objective function=8.91185, time remaining: 00:19:03
... before running model ...
16 of 150, minimal objective function=8.91185, time remaining: 00:19:00
... before running model ...
17 of 150, minimal objective function=8.91185, time remaining: 00:18:57
... before running model ...
Warning!! The simulation errors are found as the simulated dormancy date is greater or equivalent to the budburst date
18 of 150, minimal objective function=8.91185, time remaining: 00:18:51
... before running model ...
19 of 150, minimal objective function=8.91185, time remaining: 00:18:44
... before running model ...
Warning!! The simulation errors are found as the simulated dormancy date is greater or equivalent to the budburst date
20 of 150, minimal objective function=8.91185, time remaining: 00:18:37
... before running model ...
21 of 150, minimal objective function=8.91185, time remaining: 00:18:34
... before running model ...
Warning!! The simulation errors are found as the simulated dormancy date is greater or equivalent to the budburst date
Warning!! The simulation errors are found as the simulated dormancy date is greater or equivalent to the budburst date
Warning!! The simulation errors are found as the simulated dormancy date is greater or equivalent to the budburst date
Warning!! The simulation errors are found as the simulated dormancy date is greater or equivalent to the budburst date
Warning!! The simulation errors are found as the simulated dormancy date is greater or equivalent to the budburst date
Warning!! The simulation errors are found as the simulated dormancy date is greater or equivalent to the budburst date
22 of 150, minimal objective function=8.91185, time remaining: 00:18:28
... before running model ...
Warning!! The simulation errors are found as the simulated dormancy date is greater or equivalent to the budburst date
23 of 150, minimal objective function=8.91185, time remaining: 00:18:22
... before running model ...
24 of 150, minimal objective function=8.91185, time remaining: 00:18:12
... before running model ...
Warning!! The simulation errors are found as the simulated dormancy date is greater or equivalent to the budburst date
25 of 150, minimal objective function=8.91185, time remaining: 00:18:03
... before running model ...
26 of 150, minimal objective function=8.91185, time remaining: 00:17:56
... before running model ...
27 of 150, minimal objective function=8.91185, time remaining: 00:17:47
... before running model ...
Warning!! The simulation errors are found as the simulated dormancy date is greater or equivalent to the budburst date
28 of 150, minimal objective function=8.91185, time remaining: 00:17:39
... before running model ...
29 of 150, minimal objective function=8.91185, time remaining: 00:17:31
... before running model ...
30 of 150, minimal objective function=8.91185, time remaining: 00:17:23
... before running model ...
Warning!! The simulation errors are found as the simulated dormancy date is greater or equivalent to the budburst date
Warning!! The simulation errors are found as the simulated dormancy date is greater or equivalent to the budburst date
Warning!! The simulation errors are found as the simulated dormancy date is greater or equivalent to the budburst date
31 of 150, minimal objective function=8.91185, time remaining: 00:17:15
... before running model ...
32 of 150, minimal objective function=8.91185, time remaining: 00:17:09
... before running model ...
33 of 150, minimal objective function=8.91185, time remaining: 00:17:02
... before running model ...
Warning!! The simulation errors are found as the simulated dormancy date is greater or equivalent to the budburst date
Warning!! The simulation errors are found as the simulated dormancy date is greater or equivalent to the budburst date
Warning!! The simulation errors are found as the simulated dormancy date is greater or equivalent to the budburst date
34 of 150, minimal objective function=8.11679, time remaining: 00:16:55
... before running model ...
Warning!! The simulation errors are found as the simulated dormancy date is greater or equivalent to the budburst date
35 of 150, minimal objective function=8.11679, time remaining: 00:16:48
... before running model ...
Warning!! The simulation errors are found as the simulated dormancy date is greater or equivalent to the budburst date
36 of 150, minimal objective function=8.11679, time remaining: 00:16:41
... before running model ...
37 of 150, minimal objective function=8.11679, time remaining: 00:16:32
... before running model ...
Warning!! The simulation errors are found as the simulated dormancy date is greater or equivalent to the budburst date
Warning!! The simulation errors are found as the simulated dormancy date is greater or equivalent to the budburst date
Warning!! The simulation errors are found as the simulated dormancy date is greater or equivalent to the budburst date
Warning!! The simulation errors are found as the simulated dormancy date is greater or equivalent to the budburst date
Warning!! The simulation errors are found as the simulated dormancy date is greater or equivalent to the budburst date
38 of 150, minimal objective function=8.11679, time remaining: 00:16:23
... before running model ...
39 of 150, minimal objective function=8.11679, time remaining: 00:16:14
... before running model ...
Warning!! The simulation errors are found as the simulated dormancy date is greater or equivalent to the budburst date
40 of 150, minimal objective function=8.11679, time remaining: 00:16:05
... before running model ...
41 of 150, minimal objective function=8.11679, time remaining: 00:15:56
... before running model ...
Warning!! The simulation errors are found as the simulated dormancy date is greater or equivalent to the budburst date
42 of 150, minimal objective function=8.11679, time remaining: 00:15:48
... before running model ...
43 of 150, minimal objective function=8.11679, time remaining: 00:15:40
... before running model ...
44 of 150, minimal objective function=8.11679, time remaining: 00:15:33
... before running model ...
Warning!! The simulation errors are found as the simulated dormancy date is greater or equivalent to the budburst date
Warning!! The simulation errors are found as the simulated dormancy date is greater or equivalent to the budburst date
Warning!! The simulation errors are found as the simulated dormancy date is greater or equivalent to the budburst date
Warning!! The simulation errors are found as the simulated dormancy date is greater or equivalent to the budburst date
45 of 150, minimal objective function=8.11679, time remaining: 00:15:25
... before running model ...
46 of 150, minimal objective function=8.11679, time remaining: 00:15:16
... before running model ...
47 of 150, minimal objective function=8.11679, time remaining: 00:15:09
... before running model ...
48 of 150, minimal objective function=8.11679, time remaining: 00:15:00
... before running model ...
49 of 150, minimal objective function=8.11679, time remaining: 00:14:52
... before running model ...
Warning!! The simulation errors are found as the simulated dormancy date is greater or equivalent to the budburst date
50 of 150, minimal objective function=8.11679, time remaining: 00:14:44
... before running model ...
51 of 150, minimal objective function=8.11679, time remaining: 00:14:36
... before running model ...
52 of 150, minimal objective function=8.11679, time remaining: 00:14:28
... before running model ...
53 of 150, minimal objective function=8.11679, time remaining: 00:14:21
... before running model ...
54 of 150, minimal objective function=8.11679, time remaining: 00:14:12
... before running model ...
55 of 150, minimal objective function=8.11679, time remaining: 00:14:04
... before running model ...
56 of 150, minimal objective function=8.11679, time remaining: 00:13:56
... before running model ...
57 of 150, minimal objective function=8.11679, time remaining: 00:13:47
... before running model ...
Warning!! The simulation errors are found as the simulated dormancy date is greater or equivalent to the budburst date
58 of 150, minimal objective function=8.11679, time remaining: 00:13:39
... before running model ...
59 of 150, minimal objective function=8.11679, time remaining: 00:13:30
... before running model ...
60 of 150, minimal objective function=8.11679, time remaining: 00:13:21
... before running model ...
61 of 150, minimal objective function=8.11679, time remaining: 00:13:12
... before running model ...
62 of 150, minimal objective function=8.11679, time remaining: 00:13:03
... before running model ...
63 of 150, minimal objective function=8.11679, time remaining: 00:12:55
... before running model ...
64 of 150, minimal objective function=8.11679, time remaining: 00:12:46
... before running model ...
65 of 150, minimal objective function=8.11679, time remaining: 00:12:38
... before running model ...
66 of 150, minimal objective function=8.11679, time remaining: 00:12:29
... before running model ...
67 of 150, minimal objective function=8.11679, time remaining: 00:12:21
... before running model ...
68 of 150, minimal objective function=8.11679, time remaining: 00:12:12
... before running model ...
69 of 150, minimal objective function=8.11679, time remaining: 00:12:03
... before running model ...
Warning!! The simulation errors are found as the simulated dormancy date is greater or equivalent to the budburst date
Warning!! The simulation errors are found as the simulated dormancy date is greater or equivalent to the budburst date
70 of 150, minimal objective function=8.11679, time remaining: 00:11:54
... before running model ...
Warning!! The simulation errors are found as the simulated dormancy date is greater or equivalent to the budburst date
Warning!! The simulation errors are found as the simulated dormancy date is greater or equivalent to the budburst date
Warning!! The simulation errors are found as the simulated dormancy date is greater or equivalent to the budburst date
71 of 150, minimal objective function=8.03668, time remaining: 00:11:45
... before running model ...
72 of 150, minimal objective function=8.03668, time remaining: 00:11:36
... before running model ...
73 of 150, minimal objective function=8.03668, time remaining: 00:11:27
... before running model ...
Warning!! The simulation errors are found as the simulated dormancy date is greater or equivalent to the budburst date
74 of 150, minimal objective function=8.03668, time remaining: 00:11:19
... before running model ...
75 of 150, minimal objective function=8.03668, time remaining: 00:11:10
... before running model ...
Warning!! The simulation errors are found as the simulated dormancy date is greater or equivalent to the budburst date
76 of 150, minimal objective function=8.03668, time remaining: 00:11:00
... before running model ...
Warning!! The simulation errors are found as the simulated dormancy date is greater or equivalent to the budburst date
77 of 150, minimal objective function=8.03668, time remaining: 00:10:51
... before running model ...
78 of 150, minimal objective function=8.03668, time remaining: 00:10:42
... before running model ...
79 of 150, minimal objective function=8.03668, time remaining: 00:10:33
... before running model ...
80 of 150, minimal objective function=8.03668, time remaining: 00:10:24
... before running model ...
Warning!! The simulation errors are found as the simulated dormancy date is greater or equivalent to the budburst date
81 of 150, minimal objective function=8.03668, time remaining: 00:10:16
... before running model ...
82 of 150, minimal objective function=8.03668, time remaining: 00:10:08
... before running model ...
83 of 150, minimal objective function=8.03668, time remaining: 00:09:59
... before running model ...
84 of 150, minimal objective function=8.03668, time remaining: 00:09:50
... before running model ...
85 of 150, minimal objective function=8.03668, time remaining: 00:09:40
... before running model ...
Warning!! The simulation errors are found as the simulated dormancy date is greater or equivalent to the budburst date
86 of 150, minimal objective function=8.03668, time remaining: 00:09:31
... before running model ...
Warning!! The simulation errors are found as the simulated dormancy date is greater or equivalent to the budburst date
Warning!! The simulation errors are found as the simulated dormancy date is greater or equivalent to the budburst date
Warning!! The simulation errors are found as the simulated dormancy date is greater or equivalent to the budburst date
87 of 150, minimal objective function=8.03668, time remaining: 00:09:22
... before running model ...
88 of 150, minimal objective function=8.03668, time remaining: 00:09:13
... before running model ...
89 of 150, minimal objective function=8.03668, time remaining: 00:09:05
... before running model ...
Warning!! The simulation errors are found as the simulated dormancy date is greater or equivalent to the budburst date
90 of 150, minimal objective function=8.03668, time remaining: 00:08:56
... before running model ...
91 of 150, minimal objective function=8.03668, time remaining: 00:08:47
... before running model ...
Warning!! The simulation errors are found as the simulated dormancy date is greater or equivalent to the budburst date
Warning!! The simulation errors are found as the simulated dormancy date is greater or equivalent to the budburst date
Warning!! The simulation errors are found as the simulated dormancy date is greater or equivalent to the budburst date
Warning!! The simulation errors are found as the simulated dormancy date is greater or equivalent to the budburst date
Warning!! The simulation errors are found as the simulated dormancy date is greater or equivalent to the budburst date
92 of 150, minimal objective function=8.03668, time remaining: 00:08:38
... before running model ...
93 of 150, minimal objective function=8.03668, time remaining: 00:08:29
... before running model ...
Warning!! The simulation errors are found as the simulated dormancy date is greater or equivalent to the budburst date
Warning!! The simulation errors are found as the simulated dormancy date is greater or equivalent to the budburst date
Warning!! The simulation errors are found as the simulated dormancy date is greater or equivalent to the budburst date
94 of 150, minimal objective function=8.03668, time remaining: 00:08:20
... before running model ...
95 of 150, minimal objective function=8.03668, time remaining: 00:08:12
... before running model ...
Warning!! The simulation errors are found as the simulated dormancy date is greater or equivalent to the budburst date
Warning!! The simulation errors are found as the simulated dormancy date is greater or equivalent to the budburst date
Warning!! The simulation errors are found as the simulated dormancy date is greater or equivalent to the budburst date
96 of 150, minimal objective function=8.03668, time remaining: 00:08:03
... before running model ...
Warning!! The simulation errors are found as the simulated dormancy date is greater or equivalent to the budburst date
97 of 150, minimal objective function=8.03668, time remaining: 00:07:54
... before running model ...
98 of 150, minimal objective function=8.03668, time remaining: 00:07:46
... before running model ...
99 of 150, minimal objective function=8.03668, time remaining: 00:07:37
... before running model ...
100 of 150, minimal objective function=8.03668, time remaining: 00:07:28
... before running model ...
101 of 150, minimal objective function=8.03668, time remaining: 00:07:19
... before running model ...
102 of 150, minimal objective function=8.03668, time remaining: 00:07:10
... before running model ...
103 of 150, minimal objective function=8.03668, time remaining: 00:07:01
... before running model ...
Warning!! The simulation errors are found as the simulated dormancy date is greater or equivalent to the budburst date
Warning!! The simulation errors are found as the simulated dormancy date is greater or equivalent to the budburst date
Warning!! The simulation errors are found as the simulated dormancy date is greater or equivalent to the budburst date
104 of 150, minimal objective function=8.03668, time remaining: 00:06:52
... before running model ...
105 of 150, minimal objective function=8.03668, time remaining: 00:06:42
... before running model ...
106 of 150, minimal objective function=8.03668, time remaining: 00:06:33
... before running model ...
Warning!! The simulation errors are found as the simulated dormancy date is greater or equivalent to the budburst date
Warning!! The simulation errors are found as the simulated dormancy date is greater or equivalent to the budburst date
Warning!! The simulation errors are found as the simulated dormancy date is greater or equivalent to the budburst date
Warning!! The simulation errors are found as the simulated dormancy date is greater or equivalent to the budburst date
Warning!! The simulation errors are found as the simulated dormancy date is greater or equivalent to the budburst date
Warning!! The simulation errors are found as the simulated dormancy date is greater or equivalent to the budburst date
Warning!! The simulation errors are found as the simulated dormancy date is greater or equivalent to the budburst date
107 of 150, minimal objective function=8.03668, time remaining: 00:06:25
... before running model ...
108 of 150, minimal objective function=8.03668, time remaining: 00:06:16
... before running model ...
Warning!! The simulation errors are found as the simulated dormancy date is greater or equivalent to the budburst date
Warning!! The simulation errors are found as the simulated dormancy date is greater or equivalent to the budburst date
109 of 150, minimal objective function=8.03668, time remaining: 00:06:07
... before running model ...
110 of 150, minimal objective function=8.03668, time remaining: 00:05:58
... before running model ...
111 of 150, minimal objective function=8.03668, time remaining: 00:05:49
... before running model ...
Warning!! The simulation errors are found as the simulated dormancy date is greater or equivalent to the budburst date
Warning!! The simulation errors are found as the simulated dormancy date is greater or equivalent to the budburst date
Warning!! The simulation errors are found as the simulated dormancy date is greater or equivalent to the budburst date
112 of 150, minimal objective function=8.03668, time remaining: 00:05:40
... before running model ...
113 of 150, minimal objective function=8.03668, time remaining: 00:05:31
... before running model ...
114 of 150, minimal objective function=8.03668, time remaining: 00:05:22
... before running model ...
115 of 150, minimal objective function=8.03668, time remaining: 00:05:12
... before running model ...
116 of 150, minimal objective function=8.03668, time remaining: 00:05:03
... before running model ...
Warning!! The simulation errors are found as the simulated dormancy date is greater or equivalent to the budburst date
117 of 150, minimal objective function=8.03668, time remaining: 00:04:54
... before running model ...
118 of 150, minimal objective function=8.03668, time remaining: 00:04:45
... before running model ...
Warning!! The simulation errors are found as the simulated dormancy date is greater or equivalent to the budburst date
Warning!! The simulation errors are found as the simulated dormancy date is greater or equivalent to the budburst date
119 of 150, minimal objective function=8.03668, time remaining: 00:04:36
Burn-in sampling completed...
Starting Complex Evolution...
ComplexEvo loop #1 in progress...
... before running model ...
... before running model ...
... before running model ...
... before running model ...
... before running model ...
... before running model ...
... before running model ...
... before running model ...
... before running model ...
Warning!! The simulation errors are found as the simulated dormancy date is greater or equivalent to the budburst date
Warning!! The simulation errors are found as the simulated dormancy date is greater or equivalent to the budburst date
... before running model ...
... before running model ...
Warning!! The simulation errors are found as the simulated dormancy date is greater or equivalent to the budburst date
Warning!! The simulation errors are found as the simulated dormancy date is greater or equivalent to the budburst date
Warning!! The simulation errors are found as the simulated dormancy date is greater or equivalent to the budburst date
... before running model ...
... before running model ...
Warning!! The simulation errors are found as the simulated dormancy date is greater or equivalent to the budburst date
... before running model ...
... before running model ...
Warning!! The simulation errors are found as the simulated dormancy date is greater or equivalent to the budburst date
... before running model ...
... before running model ...
... before running model ...
Warning!! The simulation errors are found as the simulated dormancy date is greater or equivalent to the budburst date
... before running model ...
Warning!! The simulation errors are found as the simulated dormancy date is greater or equivalent to the budburst date
Warning!! The simulation errors are found as the simulated dormancy date is greater or equivalent to the budburst date
Warning!! The simulation errors are found as the simulated dormancy date is greater or equivalent to the budburst date
... before running model ...
Warning!! The simulation errors are found as the simulated dormancy date is greater or equivalent to the budburst date
Warning!! The simulation errors are found as the simulated dormancy date is greater or equivalent to the budburst date
Warning!! The simulation errors are found as the simulated dormancy date is greater or equivalent to the budburst date
Warning!! The simulation errors are found as the simulated dormancy date is greater or equivalent to the budburst date
Warning!! The simulation errors are found as the simulated dormancy date is greater or equivalent to the budburst date
Warning!! The simulation errors are found as the simulated dormancy date is greater or equivalent to the budburst date
Warning!! The simulation errors are found as the simulated dormancy date is greater or equivalent to the budburst date
... before running model ...
... before running model ...
Warning!! The simulation errors are found as the simulated dormancy date is greater or equivalent to the budburst date
Warning!! The simulation errors are found as the simulated dormancy date is greater or equivalent to the budburst date
Warning!! The simulation errors are found as the simulated dormancy date is greater or equivalent to the budburst date
142 of 150, minimal objective function=8.03668, time remaining: 00:01:04
Skipping saving
Skipping saving
Skipping saving
Skipping saving
Skipping saving
Skipping saving
Skipping saving
Skipping saving
... before running model ...
... before running model ...
Warning!! The simulation errors are found as the simulated dormancy date is greater or equivalent to the budburst date
Warning!! The simulation errors are found as the simulated dormancy date is greater or equivalent to the budburst date
Warning!! The simulation errors are found as the simulated dormancy date is greater or equivalent to the budburst date
... before running model ...
... before running model ...
... before running model ...
... before running model ...
... before running model ...
... before running model ...
... before running model ...
... before running model ...
Warning!! The simulation errors are found as the simulated dormancy date is greater or equivalent to the budburst date
... before running model ...
... before running model ...
... before running model ...
Warning!! The simulation errors are found as the simulated dormancy date is greater or equivalent to the budburst date
... before running model ...
Warning!! The simulation errors are found as the simulated dormancy date is greater or equivalent to the budburst date
... before running model ...
... before running model ...
Warning!! The simulation errors are found as the simulated dormancy date is greater or equivalent to the budburst date
... before running model ...
Warning!! The simulation errors are found as the simulated dormancy date is greater or equivalent to the budburst date
... before running model ...
... before running model ...
... before running model ...
Warning!! The simulation errors are found as the simulated dormancy date is greater or equivalent to the budburst date
... before running model ...
... before running model ...
Warning!! The simulation errors are found as the simulated dormancy date is greater or equivalent to the budburst date
181 of 150, minimal objective function=8.03668, time remaining: 23:55:34
Skipping saving
Skipping saving
Skipping saving
Skipping saving
Skipping saving
Skipping saving
Skipping saving
Skipping saving
Skipping saving
Skipping saving
Skipping saving
Skipping saving
Skipping saving
Skipping saving
Skipping saving
Skipping saving
Skipping saving
... before running model ...
Warning!! The simulation errors are found as the simulated dormancy date is greater or equivalent to the budburst date
... before running model ...
... before running model ...
Warning!! The simulation errors are found as the simulated dormancy date is greater or equivalent to the budburst date
... before running model ...
... before running model ...
... before running model ...
Warning!! The simulation errors are found as the simulated dormancy date is greater or equivalent to the budburst date
Warning!! The simulation errors are found as the simulated dormancy date is greater or equivalent to the budburst date
... before running model ...
... before running model ...
... before running model ...
Warning!! The simulation errors are found as the simulated dormancy date is greater or equivalent to the budburst date
Warning!! The simulation errors are found as the simulated dormancy date is greater or equivalent to the budburst date
Warning!! The simulation errors are found as the simulated dormancy date is greater or equivalent to the budburst date
Warning!! The simulation errors are found as the simulated dormancy date is greater or equivalent to the budburst date
Warning!! The simulation errors are found as the simulated dormancy date is greater or equivalent to the budburst date
... before running model ...
... before running model ...
... before running model ...
... before running model ...
... before running model ...
... before running model ...
Warning!! The simulation errors are found as the simulated dormancy date is greater or equivalent to the budburst date
... before running model ...
Warning!! The simulation errors are found as the simulated dormancy date is greater or equivalent to the budburst date
... before running model ...
Warning!! The simulation errors are found as the simulated dormancy date is greater or equivalent to the budburst date
Warning!! The simulation errors are found as the simulated dormancy date is greater or equivalent to the budburst date
Warning!! The simulation errors are found as the simulated dormancy date is greater or equivalent to the budburst date
Warning!! The simulation errors are found as the simulated dormancy date is greater or equivalent to the budburst date
Warning!! The simulation errors are found as the simulated dormancy date is greater or equivalent to the budburst date
Warning!! The simulation errors are found as the simulated dormancy date is greater or equivalent to the budburst date
Warning!! The simulation errors are found as the simulated dormancy date is greater or equivalent to the budburst date
... before running model ...
Warning!! The simulation errors are found as the simulated dormancy date is greater or equivalent to the budburst date
... before running model ...
Warning!! The simulation errors are found as the simulated dormancy date is greater or equivalent to the budburst date
... before running model ...
Warning!! The simulation errors are found as the simulated dormancy date is greater or equivalent to the budburst date
Warning!! The simulation errors are found as the simulated dormancy date is greater or equivalent to the budburst date
Warning!! The simulation errors are found as the simulated dormancy date is greater or equivalent to the budburst date
Warning!! The simulation errors are found as the simulated dormancy date is greater or equivalent to the budburst date
... before running model ...
Warning!! The simulation errors are found as the simulated dormancy date is greater or equivalent to the budburst date
... before running model ...
Warning!! The simulation errors are found as the simulated dormancy date is greater or equivalent to the budburst date
... before running model ...
Warning!! The simulation errors are found as the simulated dormancy date is greater or equivalent to the budburst date
221 of 150, minimal objective function=8.03668, time remaining: 23:50:41
Skipping saving
Skipping saving
Skipping saving
Skipping saving
Skipping saving
Skipping saving
Skipping saving
Skipping saving
Skipping saving
Skipping saving
Skipping saving
Skipping saving
Skipping saving
Skipping saving
Skipping saving
Skipping saving
Skipping saving
... before running model ...
... before running model ...
Warning!! The simulation errors are found as the simulated dormancy date is greater or equivalent to the budburst date
... before running model ...
Warning!! The simulation errors are found as the simulated dormancy date is greater or equivalent to the budburst date
Warning!! The simulation errors are found as the simulated dormancy date is greater or equivalent to the budburst date
Warning!! The simulation errors are found as the simulated dormancy date is greater or equivalent to the budburst date
Warning!! The simulation errors are found as the simulated dormancy date is greater or equivalent to the budburst date
Warning!! The simulation errors are found as the simulated dormancy date is greater or equivalent to the budburst date
Warning!! The simulation errors are found as the simulated dormancy date is greater or equivalent to the budburst date
Warning!! The simulation errors are found as the simulated dormancy date is greater or equivalent to the budburst date
... before running model ...
... before running model ...
Warning!! The simulation errors are found as the simulated dormancy date is greater or equivalent to the budburst date
Warning!! The simulation errors are found as the simulated dormancy date is greater or equivalent to the budburst date
Warning!! The simulation errors are found as the simulated dormancy date is greater or equivalent to the budburst date
... before running model ...
Warning!! The simulation errors are found as the simulated dormancy date is greater or equivalent to the budburst date
Warning!! The simulation errors are found as the simulated dormancy date is greater or equivalent to the budburst date
Warning!! The simulation errors are found as the simulated dormancy date is greater or equivalent to the budburst date
... before running model ...
Warning!! The simulation errors are found as the simulated dormancy date is greater or equivalent to the budburst date
Warning!! The simulation errors are found as the simulated dormancy date is greater or equivalent to the budburst date
... before running model ...
... before running model ...
... before running model ...
Warning!! The simulation errors are found as the simulated dormancy date is greater or equivalent to the budburst date
Warning!! The simulation errors are found as the simulated dormancy date is greater or equivalent to the budburst date
... before running model ...
Warning!! The simulation errors are found as the simulated dormancy date is greater or equivalent to the budburst date
... before running model ...
... before running model ...
... before running model ...
... before running model ...
Warning!! The simulation errors are found as the simulated dormancy date is greater or equivalent to the budburst date
Warning!! The simulation errors are found as the simulated dormancy date is greater or equivalent to the budburst date
... before running model ...
... before running model ...
... before running model ...
Warning!! The simulation errors are found as the simulated dormancy date is greater or equivalent to the budburst date
... before running model ...
Warning!! The simulation errors are found as the simulated dormancy date is greater or equivalent to the budburst date
Warning!! The simulation errors are found as the simulated dormancy date is greater or equivalent to the budburst date
... before running model ...
... before running model ...
... before running model ...
Warning!! The simulation errors are found as the simulated dormancy date is greater or equivalent to the budburst date
... before running model ...
Warning!! The simulation errors are found as the simulated dormancy date is greater or equivalent to the budburst date
... before running model ...
262 of 150, minimal objective function=8.03668, time remaining: 23:46:03
Skipping saving
Skipping saving
Skipping saving
Skipping saving
Skipping saving
Skipping saving
Skipping saving
Skipping saving
Skipping saving
Skipping saving
Skipping saving
Skipping saving
Skipping saving
Skipping saving
Skipping saving
Skipping saving
Skipping saving
... before running model ...
Warning!! The simulation errors are found as the simulated dormancy date is greater or equivalent to the budburst date
Warning!! The simulation errors are found as the simulated dormancy date is greater or equivalent to the budburst date
... before running model ...
Warning!! The simulation errors are found as the simulated dormancy date is greater or equivalent to the budburst date
Warning!! The simulation errors are found as the simulated dormancy date is greater or equivalent to the budburst date
Warning!! The simulation errors are found as the simulated dormancy date is greater or equivalent to the budburst date
Warning!! The simulation errors are found as the simulated dormancy date is greater or equivalent to the budburst date
... before running model ...
... before running model ...
Warning!! The simulation errors are found as the simulated dormancy date is greater or equivalent to the budburst date
... before running model ...
Warning!! The simulation errors are found as the simulated dormancy date is greater or equivalent to the budburst date
Warning!! The simulation errors are found as the simulated dormancy date is greater or equivalent to the budburst date
Warning!! The simulation errors are found as the simulated dormancy date is greater or equivalent to the budburst date
... before running model ...
Warning!! The simulation errors are found as the simulated dormancy date is greater or equivalent to the budburst date
Warning!! The simulation errors are found as the simulated dormancy date is greater or equivalent to the budburst date
Warning!! The simulation errors are found as the simulated dormancy date is greater or equivalent to the budburst date
Warning!! The simulation errors are found as the simulated dormancy date is greater or equivalent to the budburst date
Warning!! The simulation errors are found as the simulated dormancy date is greater or equivalent to the budburst date
... before running model ...
... before running model ...
... before running model ...
... before running model ...
... before running model ...
... before running model ...
... before running model ...
... before running model ...
... before running model ...
... before running model ...
... before running model ...
... before running model ...
Warning!! The simulation errors are found as the simulated dormancy date is greater or equivalent to the budburst date
... before running model ...
... before running model ...
... before running model ...
... before running model ...
Warning!! The simulation errors are found as the simulated dormancy date is greater or equivalent to the budburst date
301 of 150, minimal objective function=8.03668, time remaining: 23:41:54
Skipping saving
Skipping saving
Skipping saving
Skipping saving
Skipping saving
Skipping saving
Skipping saving
Skipping saving
Skipping saving
Skipping saving
Skipping saving
Skipping saving
Skipping saving
Skipping saving
Skipping saving
Skipping saving
Skipping saving
... before running model ...
... before running model ...
... before running model ...
... before running model ...
... before running model ...
Warning!! The simulation errors are found as the simulated dormancy date is greater or equivalent to the budburst date
... before running model ...
... before running model ...
Warning!! The simulation errors are found as the simulated dormancy date is greater or equivalent to the budburst date
... before running model ...
Warning!! The simulation errors are found as the simulated dormancy date is greater or equivalent to the budburst date
Warning!! The simulation errors are found as the simulated dormancy date is greater or equivalent to the budburst date
... before running model ...
... before running model ...
... before running model ...
... before running model ...
... before running model ...
Warning!! The simulation errors are found as the simulated dormancy date is greater or equivalent to the budburst date
... before running model ...
... before running model ...
... before running model ...
... before running model ...
Warning!! The simulation errors are found as the simulated dormancy date is greater or equivalent to the budburst date
... before running model ...
... before running model ...
... before running model ...
... before running model ...
... before running model ...
340 of 150, minimal objective function=8.03668, time remaining: 23:37:58
Skipping saving
Skipping saving
Skipping saving
Skipping saving
Skipping saving
Skipping saving
Skipping saving
Skipping saving
Skipping saving
Skipping saving
Skipping saving
Skipping saving
Skipping saving
Skipping saving
Skipping saving
Skipping saving
Skipping saving
... before running model ...
... before running model ...
... before running model ...
... before running model ...
... before running model ...
... before running model ...
Warning!! The simulation errors are found as the simulated dormancy date is greater or equivalent to the budburst date
... before running model ...
... before running model ...
... before running model ...
Warning!! The simulation errors are found as the simulated dormancy date is greater or equivalent to the budburst date
... before running model ...
Warning!! The simulation errors are found as the simulated dormancy date is greater or equivalent to the budburst date
... before running model ...
... before running model ...
Warning!! The simulation errors are found as the simulated dormancy date is greater or equivalent to the budburst date
... before running model ...
... before running model ...
... before running model ...
Warning!! The simulation errors are found as the simulated dormancy date is greater or equivalent to the budburst date
Warning!! The simulation errors are found as the simulated dormancy date is greater or equivalent to the budburst date
Warning!! The simulation errors are found as the simulated dormancy date is greater or equivalent to the budburst date
Warning!! The simulation errors are found as the simulated dormancy date is greater or equivalent to the budburst date
Warning!! The simulation errors are found as the simulated dormancy date is greater or equivalent to the budburst date
... before running model ...
Warning!! The simulation errors are found as the simulated dormancy date is greater or equivalent to the budburst date
... before running model ...
... before running model ...
Warning!! The simulation errors are found as the simulated dormancy date is greater or equivalent to the budburst date
Warning!! The simulation errors are found as the simulated dormancy date is greater or equivalent to the budburst date
... before running model ...
... before running model ...
... before running model ...
... before running model ...
... before running model ...
Warning!! The simulation errors are found as the simulated dormancy date is greater or equivalent to the budburst date
... before running model ...
... before running model ...
Warning!! The simulation errors are found as the simulated dormancy date is greater or equivalent to the budburst date
Warning!! The simulation errors are found as the simulated dormancy date is greater or equivalent to the budburst date
Warning!! The simulation errors are found as the simulated dormancy date is greater or equivalent to the budburst date
... before running model ...
Warning!! The simulation errors are found as the simulated dormancy date is greater or equivalent to the budburst date
Warning!! The simulation errors are found as the simulated dormancy date is greater or equivalent to the budburst date
Warning!! The simulation errors are found as the simulated dormancy date is greater or equivalent to the budburst date
... before running model ...
Warning!! The simulation errors are found as the simulated dormancy date is greater or equivalent to the budburst date
... before running model ...
Warning!! The simulation errors are found as the simulated dormancy date is greater or equivalent to the budburst date
Warning!! The simulation errors are found as the simulated dormancy date is greater or equivalent to the budburst date
Warning!! The simulation errors are found as the simulated dormancy date is greater or equivalent to the budburst date
385 of 150, minimal objective function=8.03668, time remaining: 23:33:17
Skipping saving
Skipping saving
Skipping saving
Skipping saving
Skipping saving
Skipping saving
Skipping saving
Skipping saving
Skipping saving
Skipping saving
Skipping saving
Skipping saving
Skipping saving
Skipping saving
Skipping saving
Skipping saving
Skipping saving
*** OPTIMIZATION SEARCH TERMINATED BECAUSE THE LIMIT
ON THE MAXIMUM NUMBER OF TRIALS 
150
HAS BEEN EXCEEDED.
SEARCH WAS STOPPED AT TRIAL NUMBER: 401
NUMBER OF DISCARDED TRIALS: 110
NORMALIZED GEOMETRIC RANGE = 0.974826
THE BEST POINT HAS IMPROVED IN LAST 3 LOOPS BY 100000.000000 PERCENT

*** Final SPOTPY summary ***
Total Duration: 2621.29 seconds
Total Repetitions: 401
Minimal objective value: 8.03668
Corresponding parameter setting:
par0_mean: 142.509
par0_sd: 1.47343
par1_mean: 7447.83
par1_sd: 75.0081
par2_mean: 27.2858
par2_sd: 0.228956
par3_mean: 7.16331
par3_sd: 0.0645024
******************************

