... before sampler...
Initializing the  Shuffled Complex Evolution (SCE-UA) algorithm  with  500  repetitions
The objective function will be minimized
Starting burn-in sampling...
... before running model ...
Warning! NaN value of budburst date is found due to insufficient cumulative forcing unit in year 1995
Warning! NaN value of budburst date is found due to insufficient cumulative forcing unit in year 1996
Warning! NaN value of budburst date is found due to insufficient cumulative forcing unit in year 1997
Warning! NaN value of budburst date is found due to insufficient cumulative forcing unit in year 1998
Warning! NaN value of budburst date is found due to insufficient cumulative forcing unit in year 1999
Warning! NaN value of budburst date is found due to insufficient cumulative forcing unit in year 2000
Warning! NaN value of budburst date is found due to insufficient cumulative forcing unit in year 2001
Warning! NaN value of budburst date is found due to insufficient cumulative forcing unit in year 2002
Warning! NaN value of budburst date is found due to insufficient cumulative forcing unit in year 2003
Warning! NaN value of budburst date is found due to insufficient cumulative forcing unit in year 2004
Warning! NaN value of budburst date is found due to insufficient cumulative forcing unit in year 2005
Warning! NaN value of budburst date is found due to insufficient cumulative forcing unit in year 2006
Warning! NaN value of budburst date is found due to insufficient cumulative forcing unit in year 2007
Warning! NaN value of budburst date is found due to insufficient cumulative forcing unit in year 2008
Warning! NaN value of budburst date is found due to insufficient cumulative forcing unit in year 2009
Warning! NaN value of budburst date is found due to insufficient cumulative forcing unit in year 2010
Warning! NaN value of budburst date is found due to insufficient cumulative forcing unit in year 2011
Warning! NaN value of budburst date is found due to insufficient cumulative forcing unit in year 2012
Warning! NaN value of budburst date is found due to insufficient cumulative forcing unit in year 2013
Warning! NaN value of budburst date is found due to insufficient cumulative forcing unit in year 2014
